<?xml version="1.0" encoding="UTF-8"?>
<robot generator="Robot 5.0 (Python 3.10.4 on win32)" generated="20220407 01:41:44.673" rpa="false" schemaversion="3">
<suite id="s1" name="Payment-By-Check" source="C:\Users\user\Desktop\DesafioQaJusta\desafio-qa-justa\tests\payment-by-check.robot">
<test id="s1-t1" name="Make Payment By Check" line="8">
<kw name="Inicia sessão" library="keywords" type="SETUP">
<kw name="Open Browser" library="SeleniumLibrary">
<arg>${url}</arg>
<arg>chrome</arg>
<doc>Opens a new browser instance to the optional ``url``.</doc>
<msg timestamp="20220407 01:41:45.043" level="INFO">Opening browser 'chrome' to base url 'http://automationpractice.com/index.php'.</msg>
<status status="PASS" starttime="20220407 01:41:45.043" endtime="20220407 01:41:53.173"/>
</kw>
<status status="PASS" starttime="20220407 01:41:45.043" endtime="20220407 01:41:53.173"/>
</kw>
<kw name="Sumary" library="keywords">
<kw name="Go To" library="SeleniumLibrary">
<arg>${url}</arg>
<doc>Navigates the current browser window to the provided ``url``.</doc>
<msg timestamp="20220407 01:41:53.174" level="INFO">Opening url 'http://automationpractice.com/index.php'</msg>
<status status="PASS" starttime="20220407 01:41:53.174" endtime="20220407 01:41:54.349"/>
</kw>
<kw name="Click Element" library="SeleniumLibrary">
<arg>${addToCart}</arg>
<doc>Click the element identified by ``locator``.</doc>
<msg timestamp="20220407 01:41:54.350" level="INFO">Clicking element 'xpath://*[@title='Add to cart']'.</msg>
<status status="PASS" starttime="20220407 01:41:54.349" endtime="20220407 01:41:54.437"/>
</kw>
<kw name="Sleep" library="BuiltIn">
<arg>5</arg>
<doc>Pauses the test executed for the given time.</doc>
<msg timestamp="20220407 01:41:59.446" level="INFO">Slept 5 seconds</msg>
<status status="PASS" starttime="20220407 01:41:54.437" endtime="20220407 01:41:59.446"/>
</kw>
<kw name="Click Element" library="SeleniumLibrary">
<arg>${proceedCheckout}</arg>
<doc>Click the element identified by ``locator``.</doc>
<msg timestamp="20220407 01:41:59.447" level="INFO">Clicking element 'xpath://*[@title='Proceed to checkout']'.</msg>
<status status="PASS" starttime="20220407 01:41:59.446" endtime="20220407 01:42:01.000"/>
</kw>
<kw name="Sleep" library="BuiltIn">
<arg>5</arg>
<doc>Pauses the test executed for the given time.</doc>
<msg timestamp="20220407 01:42:06.002" level="INFO">Slept 5 seconds</msg>
<status status="PASS" starttime="20220407 01:42:01.000" endtime="20220407 01:42:06.003"/>
</kw>
<kw name="Click Element" library="SeleniumLibrary">
<arg>${checkoutSummary}</arg>
<doc>Click the element identified by ``locator``.</doc>
<msg timestamp="20220407 01:42:06.004" level="INFO">Clicking element 'xpath://*[@class='button btn btn-default standard-checkout button-medium']'.</msg>
<status status="PASS" starttime="20220407 01:42:06.003" endtime="20220407 01:42:08.213"/>
</kw>
<kw name="Sleep" library="BuiltIn">
<arg>5</arg>
<doc>Pauses the test executed for the given time.</doc>
<msg timestamp="20220407 01:42:13.228" level="INFO">Slept 5 seconds</msg>
<status status="PASS" starttime="20220407 01:42:08.213" endtime="20220407 01:42:13.229"/>
</kw>
<status status="PASS" starttime="20220407 01:41:53.173" endtime="20220407 01:42:13.229"/>
</kw>
<kw name="Sing In" library="keywords">
<kw name="Input Text" library="SeleniumLibrary">
<arg>id:email</arg>
<arg>${email}</arg>
<doc>Types the given ``text`` into the text field identified by ``locator``.</doc>
<msg timestamp="20220407 01:42:13.231" level="INFO">Typing text 'candidato@justa.com.vc' into text field 'id:email'.</msg>
<status status="PASS" starttime="20220407 01:42:13.230" endtime="20220407 01:42:13.382"/>
</kw>
<kw name="Input Text" library="SeleniumLibrary">
<arg>id:passwd</arg>
<arg>${password}</arg>
<doc>Types the given ``text`` into the text field identified by ``locator``.</doc>
<msg timestamp="20220407 01:42:13.383" level="INFO">Typing text 'tamojusto' into text field 'id:passwd'.</msg>
<status status="PASS" starttime="20220407 01:42:13.383" endtime="20220407 01:42:13.523"/>
</kw>
<kw name="Click Element" library="SeleniumLibrary">
<arg>id:SubmitLogin</arg>
<doc>Click the element identified by ``locator``.</doc>
<msg timestamp="20220407 01:42:13.524" level="INFO">Clicking element 'id:SubmitLogin'.</msg>
<status status="PASS" starttime="20220407 01:42:13.523" endtime="20220407 01:42:16.095"/>
</kw>
<kw name="Sleep" library="BuiltIn">
<arg>5</arg>
<doc>Pauses the test executed for the given time.</doc>
<msg timestamp="20220407 01:42:21.095" level="INFO">Slept 5 seconds</msg>
<status status="PASS" starttime="20220407 01:42:16.095" endtime="20220407 01:42:21.095"/>
</kw>
<status status="PASS" starttime="20220407 01:42:13.229" endtime="20220407 01:42:21.096"/>
</kw>
<kw name="Proceed To Checkout" library="keywords">
<kw name="Click Element" library="SeleniumLibrary">
<arg>${checkoutAddress}</arg>
<doc>Click the element identified by ``locator``.</doc>
<msg timestamp="20220407 01:42:21.097" level="INFO">Clicking element 'xpath://*[@name='processAddress']'.</msg>
<status status="PASS" starttime="20220407 01:42:21.097" endtime="20220407 01:42:29.241"/>
</kw>
<kw name="Sleep" library="BuiltIn">
<arg>5</arg>
<doc>Pauses the test executed for the given time.</doc>
<msg timestamp="20220407 01:42:34.251" level="INFO">Slept 5 seconds</msg>
<status status="PASS" starttime="20220407 01:42:29.242" endtime="20220407 01:42:34.251"/>
</kw>
<status status="PASS" starttime="20220407 01:42:21.096" endtime="20220407 01:42:34.252"/>
</kw>
<kw name="Shipping" library="keywords">
<kw name="Select Checkbox" library="SeleniumLibrary">
<arg>${checkBoxTerms}</arg>
<doc>Selects the checkbox identified by ``locator``.</doc>
<msg timestamp="20220407 01:42:34.253" level="INFO">Selecting checkbox 'xpath://*[@type='checkbox']'.</msg>
<status status="PASS" starttime="20220407 01:42:34.253" endtime="20220407 01:42:34.356"/>
</kw>
<kw name="Click Element" library="SeleniumLibrary">
<arg>${checkoutShipping}</arg>
<doc>Click the element identified by ``locator``.</doc>
<msg timestamp="20220407 01:42:34.357" level="INFO">Clicking element 'xpath://*[@name='processCarrier']'.</msg>
<status status="PASS" starttime="20220407 01:42:34.356" endtime="20220407 01:42:46.030"/>
</kw>
<kw name="Sleep" library="BuiltIn">
<arg>5</arg>
<doc>Pauses the test executed for the given time.</doc>
<msg timestamp="20220407 01:42:51.043" level="INFO">Slept 5 seconds</msg>
<status status="PASS" starttime="20220407 01:42:46.031" endtime="20220407 01:42:51.043"/>
</kw>
<status status="PASS" starttime="20220407 01:42:34.252" endtime="20220407 01:42:51.043"/>
</kw>
<kw name="Pay By Check" library="keywords">
<kw name="Click Element" library="SeleniumLibrary">
<arg>${check}</arg>
<doc>Click the element identified by ``locator``.</doc>
<msg timestamp="20220407 01:42:51.044" level="INFO">Clicking element 'xpath://*[@class='cheque']'.</msg>
<status status="PASS" starttime="20220407 01:42:51.043" endtime="20220407 01:42:56.023"/>
</kw>
<kw name="Sleep" library="BuiltIn">
<arg>5</arg>
<doc>Pauses the test executed for the given time.</doc>
<msg timestamp="20220407 01:43:01.024" level="INFO">Slept 5 seconds</msg>
<status status="PASS" starttime="20220407 01:42:56.023" endtime="20220407 01:43:01.024"/>
</kw>
<kw name="Click Element" library="SeleniumLibrary">
<arg>${confirmOrder}</arg>
<doc>Click the element identified by ``locator``.</doc>
<msg timestamp="20220407 01:43:01.025" level="INFO">Clicking element 'xpath://*[@class='button btn btn-default button-medium']'.</msg>
<status status="PASS" starttime="20220407 01:43:01.024" endtime="20220407 01:43:03.649"/>
</kw>
<kw name="Sleep" library="BuiltIn">
<arg>5</arg>
<doc>Pauses the test executed for the given time.</doc>
<msg timestamp="20220407 01:43:08.654" level="INFO">Slept 5 seconds</msg>
<status status="PASS" starttime="20220407 01:43:03.649" endtime="20220407 01:43:08.654"/>
</kw>
<status status="PASS" starttime="20220407 01:42:51.043" endtime="20220407 01:43:08.655"/>
</kw>
<kw name="Finaliza sessão" library="keywords" type="TEARDOWN">
<kw name="Capture Page Screenshot" library="SeleniumLibrary">
<doc>Takes a screenshot of the current page and embeds it into a log file.</doc>
<msg timestamp="20220407 01:43:08.753" level="INFO" html="true">&lt;/td&gt;&lt;/tr&gt;&lt;tr&gt;&lt;td colspan="3"&gt;&lt;a href="selenium-screenshot-3.png"&gt;&lt;img src="selenium-screenshot-3.png" width="800px"&gt;&lt;/a&gt;</msg>
<status status="PASS" starttime="20220407 01:43:08.656" endtime="20220407 01:43:08.753"/>
</kw>
<kw name="Close Browser" library="SeleniumLibrary">
<doc>Closes the current browser.</doc>
<status status="PASS" starttime="20220407 01:43:08.753" endtime="20220407 01:43:10.998"/>
</kw>
<status status="PASS" starttime="20220407 01:43:08.655" endtime="20220407 01:43:10.999"/>
</kw>
<status status="PASS" starttime="20220407 01:41:45.042" endtime="20220407 01:43:10.999"/>
</test>
<status status="PASS" starttime="20220407 01:41:44.675" endtime="20220407 01:43:11.000"/>
</suite>
<statistics>
<total>
<stat pass="1" fail="0" skip="0">All Tests</stat>
</total>
<tag>
</tag>
<suite>
<stat pass="1" fail="0" skip="0" id="s1" name="Payment-By-Check">Payment-By-Check</stat>
</suite>
</statistics>
<errors>
</errors>
</robot>
